#-----------------------------------------------------------
# Vivado v2020.1 (64-bit)
# SW Build 2902540 on Wed May 27 19:54:49 MDT 2020
# IP Build 2902112 on Wed May 27 22:43:36 MDT 2020
# Start of session at: Tue Mar 21 20:06:03 2023
# Process ID: 13172
# Current directory: C:/Users/dsb21132/Desktop/vhdl-project/thermostat
# Command line: vivado.exe -gui_launcher_event rodinguilauncherevent7356 C:\Users\dsb21132\Desktop\vhdl-project\thermostat\thermostat.xpr
# Log file: C:/Users/dsb21132/Desktop/vhdl-project/thermostat/vivado.log
# Journal file: C:/Users/dsb21132/Desktop/vhdl-project/thermostat\vivado.jou
#-----------------------------------------------------------
start_gui
open_project C:/Users/dsb21132/Desktop/vhdl-project/thermostat/thermostat.xpr
Scanning sources...
Finished scanning sources
INFO: [IP_Flow 19-234] Refreshing IP repositories
INFO: [IP_Flow 19-1704] No user IP repositories specified
INFO: [IP_Flow 19-2313] Loaded Vivado IP repository 'C:/Xilinx/Vivado/2020.1/data/ip'.
open_project: Time (s): cpu = 00:00:12 ; elapsed = 00:00:07 . Memory (MB): peak = 1068.094 ; gain = 0.000
update_compile_order -fileset sources_1
launch_simulation
Command: launch_simulation 
INFO: [Vivado 12-5682] Launching behavioral simulation in 'C:/Users/dsb21132/Desktop/vhdl-project/thermostat/thermostat.sim/sim_1/behav/xsim'
INFO: [SIM-utils-51] Simulation object is 'sim_1'
INFO: [SIM-utils-54] Inspecting design source files for 'top_level_tb' in fileset 'sim_1'...
INFO: [USF-XSim-97] Finding global include files...
INFO: [USF-XSim-98] Fetching design files from 'sim_1'...
INFO: [USF-XSim-2] XSim::Compile design
INFO: [USF-XSim-61] Executing 'COMPILE and ANALYZE' step in 'C:/Users/dsb21132/Desktop/vhdl-project/thermostat/thermostat.sim/sim_1/behav/xsim'
"xvhdl --incr --relax -prj top_level_tb_vhdl.prj"
INFO: [VRFC 10-163] Analyzing VHDL file "C:/Users/dsb21132/Desktop/vhdl-project/thermostat/thermostat.srcs/sources_1/new/bcd_to_7seg.vhd" into library xil_defaultlib
INFO: [VRFC 10-3107] analyzing entity 'bcd_to_7seg'
INFO: [VRFC 10-163] Analyzing VHDL file "C:/Users/dsb21132/Desktop/vhdl-project/thermostat/thermostat.srcs/sources_1/new/binary_to_bcd.vhd" into library xil_defaultlib
INFO: [VRFC 10-3107] analyzing entity 'binary_to_bcd'
INFO: [VRFC 10-163] Analyzing VHDL file "C:/Users/dsb21132/Desktop/vhdl-project/thermostat/thermostat.srcs/sources_1/new/seg_scanning_display.vhd" into library xil_defaultlib
INFO: [VRFC 10-3107] analyzing entity 'seg_scanning_display'
INFO: [VRFC 10-163] Analyzing VHDL file "C:/Users/dsb21132/Desktop/vhdl-project/thermostat/thermostat.srcs/sources_1/new/slow_clock_20s.vhd" into library xil_defaultlib
INFO: [VRFC 10-3107] analyzing entity 'slow_clocks'
INFO: [VRFC 10-163] Analyzing VHDL file "C:/Users/dsb21132/Desktop/vhdl-project/thermostat/thermostat.srcs/sources_1/new/temp_counter.vhd" into library xil_defaultlib
INFO: [VRFC 10-3107] analyzing entity 'temp_counter'
INFO: [VRFC 10-163] Analyzing VHDL file "C:/Users/dsb21132/Desktop/vhdl-project/thermostat/thermostat.srcs/sources_1/new/top_level.vhd" into library xil_defaultlib
INFO: [VRFC 10-3107] analyzing entity 'top_level'
INFO: [VRFC 10-163] Analyzing VHDL file "C:/Users/dsb21132/Desktop/vhdl-project/thermostat/thermostat.srcs/sim_1/new/top_level_tb.vhd" into library xil_defaultlib
INFO: [VRFC 10-3107] analyzing entity 'top_level_tb'
INFO: [USF-XSim-69] 'compile' step finished in '2' seconds
INFO: [USF-XSim-3] XSim::Elaborate design
INFO: [USF-XSim-61] Executing 'ELABORATE' step in 'C:/Users/dsb21132/Desktop/vhdl-project/thermostat/thermostat.sim/sim_1/behav/xsim'
"xelab -wto 4ca51996935344e19eea88244fc48e45 --incr --debug typical --relax --mt 2 -L xil_defaultlib -L secureip --snapshot top_level_tb_behav xil_defaultlib.top_level_tb -log elaborate.log"
Vivado Simulator 2020.1
Copyright 1986-1999, 2001-2020 Xilinx, Inc. All Rights Reserved.
Running: C:/Xilinx/Vivado/2020.1/bin/unwrapped/win64.o/xelab.exe -wto 4ca51996935344e19eea88244fc48e45 --incr --debug typical --relax --mt 2 -L xil_defaultlib -L secureip --snapshot top_level_tb_behav xil_defaultlib.top_level_tb -log elaborate.log 
Using 2 slave threads.
Starting static elaboration
Completed static elaboration
Starting simulation data flow analysis
Completed simulation data flow analysis
Time Resolution for simulation is 1ps
Compiling package std.standard
Compiling package std.textio
Compiling package ieee.std_logic_1164
Compiling package ieee.numeric_std
Compiling architecture behavioral of entity xil_defaultlib.bcd_to_7seg [bcd_to_7seg_default]
Compiling architecture behavioral of entity xil_defaultlib.slow_clocks [slow_clocks_default]
Compiling architecture behavioral of entity xil_defaultlib.temp_counter [temp_counter_default]
Compiling architecture behavioral of entity xil_defaultlib.binary_to_bcd [binary_to_bcd_default]
Compiling architecture behave of entity xil_defaultlib.seg_scanning_display [seg_scanning_display_default]
Compiling architecture behavioral of entity xil_defaultlib.top_level [top_level_default]
Compiling architecture behavioral of entity xil_defaultlib.top_level_tb
Built simulation snapshot top_level_tb_behav

****** Webtalk v2020.1 (64-bit)
  **** SW Build 2902540 on Wed May 27 19:54:49 MDT 2020
  **** IP Build 2902112 on Wed May 27 22:43:36 MDT 2020
    ** Copyright 1986-2020 Xilinx, Inc. All Rights Reserved.

source C:/Users/dsb21132/Desktop/vhdl-project/thermostat/thermostat.sim/sim_1/behav/xsim/xsim.dir/top_level_tb_behav/webtalk/xsim_webtalk.tcl -notrace
INFO: [Common 17-206] Exiting Webtalk at Tue Mar 21 20:08:13 2023...
run_program: Time (s): cpu = 00:00:01 ; elapsed = 00:00:06 . Memory (MB): peak = 1068.094 ; gain = 0.000
INFO: [USF-XSim-69] 'elaborate' step finished in '6' seconds
INFO: [USF-XSim-4] XSim::Simulate design
INFO: [USF-XSim-61] Executing 'SIMULATE' step in 'C:/Users/dsb21132/Desktop/vhdl-project/thermostat/thermostat.sim/sim_1/behav/xsim'
INFO: [USF-XSim-98] *** Running xsim
   with args "top_level_tb_behav -key {Behavioral:sim_1:Functional:top_level_tb} -tclbatch {top_level_tb.tcl} -log {simulate.log}"
INFO: [USF-XSim-8] Loading simulator feature
Vivado Simulator 2020.1
Time resolution is 1 ps
source top_level_tb.tcl
# set curr_wave [current_wave_config]
# if { [string length $curr_wave] == 0 } {
#   if { [llength [get_objects]] > 0} {
#     add_wave /
#     set_property needs_save false [current_wave_config]
#   } else {
#      send_msg_id Add_Wave-1 WARNING "No top level signals found. Simulator will start without a wave window. If you want to open a wave window go to 'File->New Waveform Configuration' or type 'create_wave_config' in the TCL console."
#   }
# }
# run 1ms
INFO: [USF-XSim-96] XSim completed. Design snapshot 'top_level_tb_behav' loaded.
INFO: [USF-XSim-97] XSim simulation ran for 1ms
launch_simulation: Time (s): cpu = 00:00:09 ; elapsed = 00:00:17 . Memory (MB): peak = 1068.094 ; gain = 0.000
WARNING: [filemgmt 56-199] Attempt to get parsing info during refresh. "On-the-fly" syntax checking information may be incorrect. [C:\Users\dsb21132\Desktop\vhdl-project\thermostat\thermostat.srcs\sim_1\new\top_level_tb.vhd:]
WARNING: [filemgmt 56-199] Attempt to get parsing info during refresh. "On-the-fly" syntax checking information may be incorrect. [C:\Users\dsb21132\Desktop\vhdl-project\thermostat\thermostat.srcs\sources_1\new\top_level.vhd:]
WARNING: [filemgmt 56-199] Attempt to get parsing info during refresh. "On-the-fly" syntax checking information may be incorrect. [C:\Users\dsb21132\Desktop\vhdl-project\thermostat\thermostat.srcs\sources_1\new\seg_scanning_display.vhd:]
WARNING: [filemgmt 56-199] Attempt to get parsing info during refresh. "On-the-fly" syntax checking information may be incorrect. [C:\Users\dsb21132\Desktop\vhdl-project\thermostat\thermostat.srcs\sources_1\new\slow_clock_20s.vhd:]
WARNING: [filemgmt 56-199] Attempt to get parsing info during refresh. "On-the-fly" syntax checking information may be incorrect. [C:\Users\dsb21132\Desktop\vhdl-project\thermostat\thermostat.srcs\sim_1\new\top_level_tb.vhd:]
WARNING: [filemgmt 56-199] Attempt to get parsing info during refresh. "On-the-fly" syntax checking information may be incorrect. [C:\Users\dsb21132\Desktop\vhdl-project\thermostat\thermostat.srcs\sources_1\new\top_level.vhd:]
WARNING: [filemgmt 56-199] Attempt to get parsing info during refresh. "On-the-fly" syntax checking information may be incorrect. [C:\Users\dsb21132\Desktop\vhdl-project\thermostat\thermostat.srcs\sources_1\new\seg_scanning_display.vhd:]
WARNING: [filemgmt 56-199] Attempt to get parsing info during refresh. "On-the-fly" syntax checking information may be incorrect. [C:\Users\dsb21132\Desktop\vhdl-project\thermostat\thermostat.srcs\sources_1\new\slow_clock_20s.vhd:]
WARNING: [filemgmt 56-199] Attempt to get parsing info during refresh. "On-the-fly" syntax checking information may be incorrect. [C:\Users\dsb21132\Desktop\vhdl-project\thermostat\thermostat.srcs\sim_1\new\top_level_tb.vhd:]
WARNING: [filemgmt 56-199] Attempt to get parsing info during refresh. "On-the-fly" syntax checking information may be incorrect. [C:\Users\dsb21132\Desktop\vhdl-project\thermostat\thermostat.srcs\sources_1\new\top_level.vhd:]
WARNING: [filemgmt 56-199] Attempt to get parsing info during refresh. "On-the-fly" syntax checking information may be incorrect. [C:\Users\dsb21132\Desktop\vhdl-project\thermostat\thermostat.srcs\sources_1\new\seg_scanning_display.vhd:]
WARNING: [filemgmt 56-199] Attempt to get parsing info during refresh. "On-the-fly" syntax checking information may be incorrect. [C:\Users\dsb21132\Desktop\vhdl-project\thermostat\thermostat.srcs\sources_1\new\slow_clock_20s.vhd:]
ERROR: [Common 17-180] Spawn failed: No error
set_property top seg_scanning_display_tb [get_filesets sim_1]
set_property top_lib xil_defaultlib [get_filesets sim_1]
update_compile_order -fileset sim_1
launch_simulation
Command: launch_simulation 
boost::filesystem::remove: The process cannot access the file because it is being used by another process: "C:/Users/dsb21132/Desktop/vhdl-project/thermostat/thermostat.sim/sim_1/behav/xsim/simulate.log"
launch_simulation
Command: launch_simulation 
boost::filesystem::remove: The process cannot access the file because it is being used by another process: "C:/Users/dsb21132/Desktop/vhdl-project/thermostat/thermostat.sim/sim_1/behav/xsim/simulate.log"
close_sim
INFO: [Simtcl 6-16] Simulation closed
exit
INFO: [Common 17-206] Exiting Vivado at Tue Mar 21 20:18:35 2023...
