#-----------------------------------------------------------
# Vivado v2020.1 (64-bit)
# SW Build 2902540 on Wed May 27 19:54:49 MDT 2020
# IP Build 2902112 on Wed May 27 22:43:36 MDT 2020
# Start of session at: Tue Mar 14 19:11:48 2023
# Process ID: 13824
# Current directory: C:/Users/dsb21132/Desktop/vhdl-project/thermostat
# Command line: vivado.exe -gui_launcher_event rodinguilauncherevent7144 C:\Users\dsb21132\Desktop\vhdl-project\thermostat\thermostat.xpr
# Log file: C:/Users/dsb21132/Desktop/vhdl-project/thermostat/vivado.log
# Journal file: C:/Users/dsb21132/Desktop/vhdl-project/thermostat\vivado.jou
#-----------------------------------------------------------
start_gui
open_project C:/Users/dsb21132/Desktop/vhdl-project/thermostat/thermostat.xpr
Scanning sources...
Finished scanning sources
INFO: [IP_Flow 19-234] Refreshing IP repositories
INFO: [IP_Flow 19-1704] No user IP repositories specified
INFO: [IP_Flow 19-2313] Loaded Vivado IP repository 'C:/Xilinx/Vivado/2020.1/data/ip'.
open_project: Time (s): cpu = 00:00:13 ; elapsed = 00:00:11 . Memory (MB): peak = 1054.336 ; gain = 0.000
update_compile_order -fileset sources_1
close [ open C:/Users/dsb21132/Desktop/vhdl-project/thermostat/thermostat.srcs/sources_1/new/top_level.vhd w ]
add_files C:/Users/dsb21132/Desktop/vhdl-project/thermostat/thermostat.srcs/sources_1/new/top_level.vhd
update_compile_order -fileset sources_1
WARNING: [filemgmt 56-199] Attempt to get parsing info during refresh. "On-the-fly" syntax checking information may be incorrect. [C:\Users\dsb21132\Desktop\vhdl-project\thermostat\thermostat.srcs\sources_1\new\binary_to_bcd.vhd:]
WARNING: [filemgmt 56-199] Attempt to get parsing info during refresh. "On-the-fly" syntax checking information may be incorrect. [C:\Users\dsb21132\Desktop\vhdl-project\thermostat\thermostat.srcs\sources_1\new\top_level.vhd:]
WARNING: [filemgmt 56-199] Attempt to get parsing info during refresh. "On-the-fly" syntax checking information may be incorrect. [C:\Users\dsb21132\Desktop\vhdl-project\thermostat\thermostat.srcs\sources_1\new\temp_counter.vhd:]
WARNING: [filemgmt 56-199] Attempt to get parsing info during refresh. "On-the-fly" syntax checking information may be incorrect. [C:\Users\dsb21132\Desktop\vhdl-project\thermostat\thermostat.srcs\sources_1\new\slow_clock_20s.vhd:]
WARNING: [filemgmt 56-199] Attempt to get parsing info during refresh. "On-the-fly" syntax checking information may be incorrect. [C:\Users\dsb21132\Desktop\vhdl-project\thermostat\thermostat.srcs\sources_1\new\binary_to_bcd.vhd:]
WARNING: [filemgmt 56-199] Attempt to get parsing info during refresh. "On-the-fly" syntax checking information may be incorrect. [C:\Users\dsb21132\Desktop\vhdl-project\thermostat\thermostat.srcs\sources_1\new\top_level.vhd:]
WARNING: [filemgmt 56-199] Attempt to get parsing info during refresh. "On-the-fly" syntax checking information may be incorrect. [C:\Users\dsb21132\Desktop\vhdl-project\thermostat\thermostat.srcs\sources_1\new\temp_counter.vhd:]
WARNING: [filemgmt 56-199] Attempt to get parsing info during refresh. "On-the-fly" syntax checking information may be incorrect. [C:\Users\dsb21132\Desktop\vhdl-project\thermostat\thermostat.srcs\sources_1\new\slow_clock_20s.vhd:]
WARNING: [filemgmt 56-199] Attempt to get parsing info during refresh. "On-the-fly" syntax checking information may be incorrect. [C:\Users\dsb21132\Desktop\vhdl-project\thermostat\thermostat.srcs\sources_1\new\binary_to_bcd.vhd:]
WARNING: [filemgmt 56-199] Attempt to get parsing info during refresh. "On-the-fly" syntax checking information may be incorrect. [C:\Users\dsb21132\Desktop\vhdl-project\thermostat\thermostat.srcs\sources_1\new\top_level.vhd:]
WARNING: [filemgmt 56-199] Attempt to get parsing info during refresh. "On-the-fly" syntax checking information may be incorrect. [C:\Users\dsb21132\Desktop\vhdl-project\thermostat\thermostat.srcs\sources_1\new\temp_counter.vhd:]
WARNING: [filemgmt 56-199] Attempt to get parsing info during refresh. "On-the-fly" syntax checking information may be incorrect. [C:\Users\dsb21132\Desktop\vhdl-project\thermostat\thermostat.srcs\sources_1\new\slow_clock_20s.vhd:]
ERROR: [Common 17-180] Spawn failed: No error
exit
INFO: [Common 17-206] Exiting Vivado at Tue Mar 14 19:21:30 2023...
