#-----------------------------------------------------------
# Vivado v2020.1 (64-bit)
# SW Build 2902540 on Wed May 27 19:54:49 MDT 2020
# IP Build 2902112 on Wed May 27 22:43:36 MDT 2020
# Start of session at: Fri Mar 10 08:56:01 2023
# Process ID: 12376
# Current directory: H:/vhdl-project/thermostat
# Command line: vivado.exe -gui_launcher_event rodinguilauncherevent2208 H:\vhdl-project\thermostat\thermostat.xpr
# Log file: H:/vhdl-project/thermostat/vivado.log
# Journal file: H:/vhdl-project/thermostat\vivado.jou
#-----------------------------------------------------------
start_gui
open_project H:/vhdl-project/thermostat/thermostat.xpr
Scanning sources...
Finished scanning sources
INFO: [IP_Flow 19-234] Refreshing IP repositories
INFO: [IP_Flow 19-1704] No user IP repositories specified
INFO: [IP_Flow 19-2313] Loaded Vivado IP repository 'C:/Xilinx/Vivado/2020.1/data/ip'.
open_project: Time (s): cpu = 00:00:13 ; elapsed = 00:00:14 . Memory (MB): peak = 1054.469 ; gain = 0.000
update_compile_order -fileset sources_1
set_property SOURCE_SET sources_1 [get_filesets sim_1]
import_files -fileset sim_1 -norecurse H:/vhdl-project/thermostat/thermostat.srcs/sim_1/new/slow_clocks_tb.vhd
update_compile_order -fileset sim_1
update_compile_order -fileset sim_1
launch_simulation
Command: launch_simulation 
INFO: [Vivado 12-5682] Launching behavioral simulation in 'H:/vhdl-project/thermostat/thermostat.sim/sim_1/behav/xsim'
INFO: [SIM-utils-51] Simulation object is 'sim_1'
INFO: [SIM-utils-54] Inspecting design source files for 'slow_clocks_tb' in fileset 'sim_1'...
INFO: [USF-XSim-97] Finding global include files...
INFO: [USF-XSim-98] Fetching design files from 'sim_1'...
INFO: [USF-XSim-2] XSim::Compile design
INFO: [USF-XSim-61] Executing 'COMPILE and ANALYZE' step in 'H:/vhdl-project/thermostat/thermostat.sim/sim_1/behav/xsim'
"xvhdl --incr --relax -prj slow_clocks_tb_vhdl.prj"
INFO: [VRFC 10-163] Analyzing VHDL file "H:/vhdl-project/thermostat/thermostat.srcs/sim_1/imports/new/slow_clocks_tb.vhd" into library xil_defaultlib
INFO: [VRFC 10-3107] analyzing entity 'slow_clocks_tb'
INFO: [USF-XSim-69] 'compile' step finished in '2' seconds
INFO: [USF-XSim-3] XSim::Elaborate design
INFO: [USF-XSim-61] Executing 'ELABORATE' step in 'H:/vhdl-project/thermostat/thermostat.sim/sim_1/behav/xsim'
"xelab -wto 4ca51996935344e19eea88244fc48e45 --incr --debug typical --relax --mt 2 -L xil_defaultlib -L secureip --snapshot slow_clocks_tb_behav xil_defaultlib.slow_clocks_tb -log elaborate.log"
Vivado Simulator 2020.1
Copyright 1986-1999, 2001-2020 Xilinx, Inc. All Rights Reserved.
Running: C:/Xilinx/Vivado/2020.1/bin/unwrapped/win64.o/xelab.exe -wto 4ca51996935344e19eea88244fc48e45 --incr --debug typical --relax --mt 2 -L xil_defaultlib -L secureip --snapshot slow_clocks_tb_behav xil_defaultlib.slow_clocks_tb -log elaborate.log 
Using 2 slave threads.
Starting static elaboration
Completed static elaboration
Starting simulation data flow analysis
Completed simulation data flow analysis
Time Resolution for simulation is 1ps
Compiling package std.standard
Compiling package std.textio
Compiling package ieee.std_logic_1164
Compiling package ieee.numeric_std
Compiling architecture behavioral of entity xil_defaultlib.slow_clocks [slow_clocks_default]
Compiling architecture behavioral of entity xil_defaultlib.slow_clocks_tb
Built simulation snapshot slow_clocks_tb_behav
INFO: [USF-XSim-69] 'elaborate' step finished in '2' seconds
INFO: [USF-XSim-4] XSim::Simulate design
INFO: [USF-XSim-61] Executing 'SIMULATE' step in 'H:/vhdl-project/thermostat/thermostat.sim/sim_1/behav/xsim'
INFO: [USF-XSim-98] *** Running xsim
   with args "slow_clocks_tb_behav -key {Behavioral:sim_1:Functional:slow_clocks_tb} -tclbatch {slow_clocks_tb.tcl} -log {simulate.log}"
INFO: [USF-XSim-8] Loading simulator feature
Vivado Simulator 2020.1
ERROR: [Simtcl 6-50] Simulation engine failed to start: Failed to communicate with child process.
Please see the Tcl Console or the Messages for details.
exit
INFO: [Common 17-206] Exiting Vivado at Fri Mar 10 10:17:13 2023...
