#-----------------------------------------------------------
# Vivado v2020.1 (64-bit)
# SW Build 2902540 on Wed May 27 19:54:49 MDT 2020
# IP Build 2902112 on Wed May 27 22:43:36 MDT 2020
# Start of session at: Tue Mar 14 20:36:36 2023
# Process ID: 4980
# Current directory: C:/Users/dsb21132/Desktop/vhdl-project/thermostat
# Command line: vivado.exe -gui_launcher_event rodinguilauncherevent4940 C:\Users\dsb21132\Desktop\vhdl-project\thermostat\thermostat.xpr
# Log file: C:/Users/dsb21132/Desktop/vhdl-project/thermostat/vivado.log
# Journal file: C:/Users/dsb21132/Desktop/vhdl-project/thermostat\vivado.jou
#-----------------------------------------------------------
start_gui
open_project C:/Users/dsb21132/Desktop/vhdl-project/thermostat/thermostat.xpr
Scanning sources...
Finished scanning sources
INFO: [IP_Flow 19-234] Refreshing IP repositories
INFO: [IP_Flow 19-1704] No user IP repositories specified
INFO: [IP_Flow 19-2313] Loaded Vivado IP repository 'C:/Xilinx/Vivado/2020.1/data/ip'.
open_project: Time (s): cpu = 00:00:13 ; elapsed = 00:00:08 . Memory (MB): peak = 1072.969 ; gain = 0.000
update_compile_order -fileset sources_1
exit
INFO: [Common 17-206] Exiting Vivado at Tue Mar 14 20:48:07 2023...
